nohup: ignoring input
INFO:     Will watch for changes in these directories: ['/home/raspberrypi/Desktop/Capstone_Latest/attendance-kiosk/backend/python_service']
INFO:     Uvicorn running on http://0.0.0.0:8000 (Press CTRL+C to quit)
INFO:     Started reloader process [46696] using StatReload
[ WARN:0@10.025] global cap_v4l.cpp:1049 tryIoctl VIDEOIO(V4L2:/dev/video0): select() timeout.
[ WARN:0@20.033] global cap_v4l.cpp:1049 tryIoctl VIDEOIO(V4L2:/dev/video0): select() timeout.
[ WARN:0@30.041] global cap_v4l.cpp:1049 tryIoctl VIDEOIO(V4L2:/dev/video0): select() timeout.
[ WARN:0@40.046] global cap_v4l.cpp:1049 tryIoctl VIDEOIO(V4L2:/dev/video0): select() timeout.
[ WARN:0@50.053] global cap_v4l.cpp:1049 tryIoctl VIDEOIO(V4L2:/dev/video0): select() timeout.
[ WARN:0@60.061] global cap_v4l.cpp:1049 tryIoctl VIDEOIO(V4L2:/dev/video0): select() timeout.
[ WARN:0@70.070] global cap_v4l.cpp:1049 tryIoctl VIDEOIO(V4L2:/dev/video0): select() timeout.
[ WARN:0@80.077] global cap_v4l.cpp:1049 tryIoctl VIDEOIO(V4L2:/dev/video0): select() timeout.
[ WARN:0@90.085] global cap_v4l.cpp:1049 tryIoctl VIDEOIO(V4L2:/dev/video0): select() timeout.
[ WARN:0@100.093] global cap_v4l.cpp:1049 tryIoctl VIDEOIO(V4L2:/dev/video0): select() timeout.
[0;93m2025-11-06 15:04:28.878037225 [W:onnxruntime:Default, device_discovery.cc:164 DiscoverDevicesForPlatform] GPU device discovery failed: device_discovery.cc:89 ReadFileContents Failed to open file: "/sys/class/drm/card1/device/vendor"[m
/home/raspberrypi/Desktop/Capstone_Latest/.venv/lib/python3.13/site-packages/onnxruntime/capi/onnxruntime_inference_collection.py:123: UserWarning: Specified provider 'CUDAExecutionProvider' is not in available provider names.Available providers: 'AzureExecutionProvider, CPUExecutionProvider'
  warnings.warn(
INFO:     Started server process [46699]
INFO:     Waiting for application startup.
INFO:     Application startup complete.
INFO:     Stopping reloader process [46696]
